[debug] > Exec(early(addDefaultCommands), None, None)
[debug] > Exec(addDefaultCommands, None, None)
[debug] > Exec(early(initialize), None, None)
[debug] > Exec(initialize, None, None)
[debug] > Exec(early(addPluginSbtFile="""C:\Users\tanma\AppData\Local\Temp\idea681.sbt"""), None, None)
[debug] > Exec(addPluginSbtFile="""C:\Users\tanma\AppData\Local\Temp\idea681.sbt""", None, None)
[debug] > Exec(boot, None, None)
[debug] > Exec(writeSbtVersion, None, None)
[debug] > Exec(reload, None, None)
[debug] > Exec(sbtStashOnFailure, None, None)
[debug] > Exec(onFailure loadFailed, None, None)
[debug] > Exec(loadp, None, None)
[info] welcome to sbt 1.5.5 (Oracle Corporation Java 1.8.0_191)
[debug]       Load.loadUnit: plugins took 125.4853ms
[debug]       Load.loadUnit: defsScala took 0.5178ms
[debug] [Loading] Scanning directory C:\Users\tanma\.sbt\1.0\plugins
[debug] [Loading] Found non-root projects 
[debug] [Loading] Done in C:\Users\tanma\.sbt\1.0\plugins, returning: ()
[debug] deducing auto plugins based on known facts Set(Atom(sbt.plugins.CorePlugin)) and clauses Clauses(Clause(Atom(sbt.plugins.JvmPlugin),Set(Atom(sbt.plugins.IvyPlugin)))
[debug] Clause(Atom(sbt.ScriptedPlugin),Set(Atom(sbt.plugins.JvmPlugin)))
[debug] Clause(Atom(sbt.plugins.SbtPlugin),Set(Atom(sbt.ScriptedPlugin)))
[debug] Clause(Atom(sbt.plugins.SemanticdbPlugin),Set(Atom(sbt.plugins.JvmPlugin)))
[debug] Clause(Atom(sbt.plugins.JUnitXmlReportPlugin),Set(Atom(sbt.plugins.JvmPlugin)))
[debug] Clause(Atom(sbt.plugins.MiniDependencyTreePlugin),Set(Atom(sbt.plugins.JvmPlugin)))
[debug] Clause(Atom(sbt.plugins.CorePlugin),Set(Atom(sbt.plugins.IvyPlugin)))
[debug] Clause(Atom(sbt.plugins.IvyPlugin),Set(Atom(sbt.plugins.JvmPlugin)))
[debug] Clause(Atom(sbt.plugins.JvmPlugin),Set(Atom(sbt.plugins.SemanticdbPlugin)))
[debug] Clause(Atom(sbt.plugins.JvmPlugin),Set(Atom(sbt.plugins.JUnitXmlReportPlugin)))
[debug] Clause(Atom(sbt.plugins.CorePlugin),Set(Atom(sbt.plugins.Giter8TemplatePlugin)))
[debug] Clause(Atom(sbt.plugins.JvmPlugin),Set(Atom(sbt.plugins.MiniDependencyTreePlugin))))
[debug]   :: deduced result: Matched(sbt.plugins.CorePlugin,sbt.plugins.Giter8TemplatePlugin,sbt.plugins.IvyPlugin,sbt.plugins.JvmPlugin,sbt.plugins.MiniDependencyTreePlugin,sbt.plugins.JUnitXmlReportPlugin,sbt.plugins.SemanticdbPlugin)
[debug] Plugins.deducer#function took 24.748 ms
[debug]           Load.resolveProject(global-plugins) took 57.9621ms
[debug]         Load.loadTransitive: finalizeProject(Project(id global-plugins, base: C:\Users\tanma\.sbt\1.0\plugins, plugins: List(<none>))) took 122.3402ms
[debug] [Loading] Done in C:\Users\tanma\.sbt\1.0\plugins, returning: (global-plugins)
[debug]       Load.loadUnit: loadedProjectsRaw took 156.0788ms
[debug]       Load.loadUnit: cleanEvalClasses took 0.2694ms
[debug]     Load.loadUnit(file:/C:/Users/tanma/.sbt/1.0/plugins/, ...) took 293.7041ms
[debug]   Load.apply: load took 488.0438ms
[debug]   Load.apply: resolveProjects took 6.7946ms
[debug]   Load.apply: finalTransforms took 136.5259ms
[debug]   Load.apply: config.delegates took 14.6688ms
[debug]   Load.apply: Def.make(settings)... took 473.4872ms
[debug]   Load.apply: structureIndex took 133.9604ms
[debug]   Load.apply: mkStreams took 2.3548ms
[info] loading global plugins from C:\Users\tanma\.sbt\1.0\plugins
[debug] Running task... Cancel: Signal, check cycles: false, forcegc: true
[debug] Load.defaultLoad until apply took 3878.8137ms
[debug]           Load.loadUnit: plugins took 34.5225ms
[debug]           Load.loadUnit: defsScala took 0.0041ms
[debug] [Loading] Scanning directory C:\Users\tanma\OneDrive\Desktop\CHW3\AWSLambdaLogRetriever\InvokeLambdaFuncgRPC\project
[debug]             Load.loadUnit: mkEval took 7.3389ms
[debug] [Loading] Found non-root projects 
[debug] [Loading] Done in C:\Users\tanma\OneDrive\Desktop\CHW3\AWSLambdaLogRetriever\InvokeLambdaFuncgRPC\project, returning: ()
[debug] deducing auto plugins based on known facts Set(Atom(sbt.plugins.CorePlugin)) and clauses Clauses(Clause(Atom(sbt.plugins.JvmPlugin),Set(Atom(sbt.plugins.IvyPlugin)))
[debug] Clause(Atom(sbt.ScriptedPlugin),Set(Atom(sbt.plugins.JvmPlugin)))
[debug] Clause(Atom(sbt.plugins.SbtPlugin),Set(Atom(sbt.ScriptedPlugin)))
[debug] Clause(Atom(sbt.plugins.SemanticdbPlugin),Set(Atom(sbt.plugins.JvmPlugin)))
[debug] Clause(Atom(sbt.plugins.JUnitXmlReportPlugin),Set(Atom(sbt.plugins.JvmPlugin)))
[debug] Clause(Atom(sbt.plugins.MiniDependencyTreePlugin),Set(Atom(sbt.plugins.JvmPlugin)))
[debug] Clause(Atom(sbt.plugins.CorePlugin),Set(Atom(sbt.plugins.IvyPlugin)))
[debug] Clause(Atom(sbt.plugins.IvyPlugin),Set(Atom(sbt.plugins.JvmPlugin)))
[debug] Clause(Atom(sbt.plugins.JvmPlugin),Set(Atom(sbt.plugins.SemanticdbPlugin)))
[debug] Clause(Atom(sbt.plugins.JvmPlugin),Set(Atom(sbt.plugins.JUnitXmlReportPlugin)))
[debug] Clause(Atom(sbt.plugins.CorePlugin),Set(Atom(sbt.plugins.Giter8TemplatePlugin)))
[debug] Clause(Atom(sbt.plugins.JvmPlugin),Set(Atom(sbt.plugins.MiniDependencyTreePlugin))))
[debug]   :: deduced result: Matched(sbt.plugins.CorePlugin,sbt.plugins.Giter8TemplatePlugin,sbt.plugins.IvyPlugin,sbt.plugins.JvmPlugin,sbt.plugins.MiniDependencyTreePlugin,sbt.plugins.JUnitXmlReportPlugin,sbt.plugins.SemanticdbPlugin)
[debug] Plugins.deducer#function took 2.5675 ms
[info] loading settings for project invokelambdafuncgrpc-build from protoc.sbt,scalapb.sbt,idea681.sbt ...
[debug]               Load.resolveProject(invokelambdafuncgrpc-build) took 3.9119ms
[debug]             Load.loadTransitive: finalizeProject(Project(id invokelambdafuncgrpc-build, base: C:\Users\tanma\OneDrive\Desktop\CHW3\AWSLambdaLogRetriever\InvokeLambdaFuncgRPC\project, plugins: List(<none>))) took 7.4686ms
[debug] [Loading] Done in C:\Users\tanma\OneDrive\Desktop\CHW3\AWSLambdaLogRetriever\InvokeLambdaFuncgRPC\project, returning: (invokelambdafuncgrpc-build)
[debug]           Load.loadUnit: loadedProjectsRaw took 3222.8225ms
[debug]           Load.loadUnit: cleanEvalClasses took 8.3444ms
[debug]         Load.loadUnit(file:/C:/Users/tanma/OneDrive/Desktop/CHW3/AWSLambdaLogRetriever/InvokeLambdaFuncgRPC/project/, ...) took 3267.1841ms
[debug]       Load.apply: load took 3268.8249ms
[debug]       Load.apply: resolveProjects took 0.1077ms
[debug]       Load.apply: finalTransforms took 10.5568ms
[debug]       Load.apply: config.delegates took 0.6329ms
[debug]       Load.apply: Def.make(settings)... took 85.3228ms
[debug]       Load.apply: structureIndex took 30.2167ms
[debug]       Load.apply: mkStreams took 0.0028ms
[info] loading project definition from C:\Users\tanma\OneDrive\Desktop\CHW3\AWSLambdaLogRetriever\InvokeLambdaFuncgRPC\project
[debug] Running task... Cancel: Signal, check cycles: false, forcegc: true
[warn] Unrecognized repository Scala Plugin Bundled Repository, ignoring it
[debug]     Load.loadUnit: plugins took 5821.463ms
[debug]     Load.loadUnit: defsScala took 0.0059ms
[debug] [Loading] Scanning directory C:\Users\tanma\OneDrive\Desktop\CHW3\AWSLambdaLogRetriever\InvokeLambdaFuncgRPC
[debug]       Load.loadUnit: mkEval took 0.3948ms
[debug] [Loading] Found non-root projects 
[debug] [Loading] Done in C:\Users\tanma\OneDrive\Desktop\CHW3\AWSLambdaLogRetriever\InvokeLambdaFuncgRPC, returning: ()
[debug] deducing auto plugins based on known facts Set(Atom(sbt.plugins.CorePlugin)) and clauses Clauses(Clause(Atom(sbt.plugins.JvmPlugin),Set(Atom(sbt.plugins.IvyPlugin)))
[debug] Clause(Atom(sbt.ScriptedPlugin),Set(Atom(sbt.plugins.JvmPlugin)))
[debug] Clause(Atom(sbt.plugins.SbtPlugin),Set(Atom(sbt.ScriptedPlugin)))
[debug] Clause(Atom(sbt.plugins.SemanticdbPlugin),Set(Atom(sbt.plugins.JvmPlugin)))
[debug] Clause(Atom(sbt.plugins.JUnitXmlReportPlugin),Set(Atom(sbt.plugins.JvmPlugin)))
[debug] Clause(Atom(sbt.plugins.MiniDependencyTreePlugin),Set(Atom(sbt.plugins.JvmPlugin)))
[debug] Clause(Atom(sbtprotoc.ProtocPlugin),Set(Atom(sbt.plugins.JvmPlugin)))
[debug] Clause(Atom(org.jetbrains.sbt.StructurePlugin),Set(Atom(sbt.plugins.JvmPlugin)))
[debug] Clause(Atom(org.jetbrains.sbt.IdeaShellPlugin),Set(Atom(sbt.plugins.JvmPlugin)))
[debug] Clause(Atom(org.jetbrains.sbt.indices.SbtIntellijIndicesPlugin),Set(Atom(sbt.plugins.JvmPlugin)))
[debug] Clause(Atom(org.portablescala.sbtplatformdeps.PlatformDepsPlugin),Set(Atom(sbt.plugins.JvmPlugin)))
[debug] Clause(Atom(sbt.plugins.CorePlugin),Set(Atom(sbt.plugins.IvyPlugin)))
[debug] Clause(Atom(sbt.plugins.IvyPlugin),Set(Atom(sbt.plugins.JvmPlugin)))
[debug] Clause(Atom(sbt.plugins.JvmPlugin),Set(Atom(sbt.plugins.SemanticdbPlugin)))
[debug] Clause(Atom(sbt.plugins.JvmPlugin),Set(Atom(sbt.plugins.JUnitXmlReportPlugin)))
[debug] Clause(Atom(sbt.plugins.CorePlugin),Set(Atom(sbt.plugins.Giter8TemplatePlugin)))
[debug] Clause(Atom(sbt.plugins.JvmPlugin),Set(Atom(sbt.plugins.MiniDependencyTreePlugin)))
[debug] Clause(Atom(sbt.plugins.JvmPlugin),Set(Atom(sbtprotoc.ProtocPlugin)))
[debug] Clause(Atom(sbt.plugins.JvmPlugin),Set(Atom(org.jetbrains.sbt.StructurePlugin)))
[debug] Clause(Atom(sbt.plugins.JvmPlugin),Set(Atom(org.jetbrains.sbt.IdeaShellPlugin)))
[debug] Clause(And(Set(Atom(sbt.plugins.CorePlugin), Atom(sbt.plugins.JvmPlugin))),Set(Atom(org.jetbrains.sbt.indices.SbtIntellijIndicesPlugin)))
[debug] Clause(Atom(sbt.plugins.JvmPlugin),Set(Atom(org.portablescala.sbtplatformdeps.PlatformDepsPlugin))))
[debug]   :: deduced result: Matched(sbt.plugins.CorePlugin,sbt.plugins.Giter8TemplatePlugin,sbt.plugins.IvyPlugin,sbt.plugins.JvmPlugin,org.portablescala.sbtplatformdeps.PlatformDepsPlugin,sbt.plugins.SemanticdbPlugin,org.jetbrains.sbt.indices.SbtIntellijIndicesPlugin,sbt.plugins.JUnitXmlReportPlugin,sbtprotoc.ProtocPlugin,org.jetbrains.sbt.IdeaShellPlugin,org.jetbrains.sbt.StructurePlugin,sbt.plugins.MiniDependencyTreePlugin)
[debug] Plugins.deducer#function took 3.9143 ms
[info] loading settings for project invokelambdafuncgrpc from build.sbt ...
[debug]         Load.resolveProject(invokelambdafuncgrpc) took 45.111ms
[debug]       Load.loadTransitive: finalizeProject(Project(id invokelambdafuncgrpc, base: C:\Users\tanma\OneDrive\Desktop\CHW3\AWSLambdaLogRetriever\InvokeLambdaFuncgRPC, plugins: List(<none>))) took 50.675ms
[debug] [Loading] Done in C:\Users\tanma\OneDrive\Desktop\CHW3\AWSLambdaLogRetriever\InvokeLambdaFuncgRPC, returning: (invokelambdafuncgrpc)
[debug]     Load.loadUnit: loadedProjectsRaw took 3102.7915ms
[debug]     Load.loadUnit: cleanEvalClasses took 21.5123ms
[debug]   Load.loadUnit(file:/C:/Users/tanma/OneDrive/Desktop/CHW3/AWSLambdaLogRetriever/InvokeLambdaFuncgRPC/, ...) took 8946.7336ms
[debug] Load.apply: load took 8949.0138ms
[debug] Load.apply: resolveProjects took 0.2364ms
[debug] Load.apply: finalTransforms took 38.2416ms
[debug] Load.apply: config.delegates took 0.6653ms
[debug] Load.apply: Def.make(settings)... took 133.514ms
[debug] Load.apply: structureIndex took 27.1854ms
[debug] Load.apply: mkStreams took 0.0031ms
[info] set current project to InvokeLambdaFuncgRPC (in build file:/C:/Users/tanma/OneDrive/Desktop/CHW3/AWSLambdaLogRetriever/InvokeLambdaFuncgRPC/)
[debug] > Exec(sbtPopOnFailure, None, None)
[debug] > Exec(resumeFromFailure, None, None)
[debug] > Exec(notifyUsersAboutShell, None, None)
[debug] > Exec(iflast shell, None, None)
[debug] > Exec(; set ideaPort in Global := 58407 ; idea-shell, None, None)
[debug] > Exec(set ideaPort in Global := 58407, None, None)
[info] Defining Global / ideaPort
[info] The new value will be used by Compile / compile, Test / compile
[debug] Defining 
[debug] 	Global / ideaPort
[debug] 
[debug] The new value will be used by 
[debug] 	Compile / compile
[debug] 	Test / compile
[info] Reapplying settings...
[info] set current project to InvokeLambdaFuncgRPC (in build file:/C:/Users/tanma/OneDrive/Desktop/CHW3/AWSLambdaLogRetriever/InvokeLambdaFuncgRPC/)
[debug] > Exec(idea-shell, None, None)
