[debug] > Exec(early(addDefaultCommands), None, None)
[debug] > Exec(addDefaultCommands, None, None)
[debug] > Exec(early(initialize), None, None)
[debug] > Exec(initialize, None, None)
[debug] > Exec(early(addPluginSbtFile="""C:\Users\tanma\AppData\Local\Temp\idea6.sbt"""), None, None)
[debug] > Exec(addPluginSbtFile="""C:\Users\tanma\AppData\Local\Temp\idea6.sbt""", None, None)
[debug] > Exec(boot, None, None)
[debug] > Exec(writeSbtVersion, None, None)
[debug] > Exec(reload, None, None)
[debug] > Exec(sbtStashOnFailure, None, None)
[debug] > Exec(onFailure loadFailed, None, None)
[debug] > Exec(loadp, None, None)
[info] welcome to sbt 1.5.5 (Oracle Corporation Java 1.8.0_191)
[debug]       Load.loadUnit: plugins took 158.2662ms
[debug]       Load.loadUnit: defsScala took 0.98ms
[debug] [Loading] Scanning directory C:\Users\tanma\.sbt\1.0\plugins
[debug] [Loading] Found non-root projects 
[debug] [Loading] Done in C:\Users\tanma\.sbt\1.0\plugins, returning: ()
[debug] deducing auto plugins based on known facts Set(Atom(sbt.plugins.CorePlugin)) and clauses Clauses(Clause(Atom(sbt.plugins.JvmPlugin),Set(Atom(sbt.plugins.IvyPlugin)))
[debug] Clause(Atom(sbt.ScriptedPlugin),Set(Atom(sbt.plugins.JvmPlugin)))
[debug] Clause(Atom(sbt.plugins.SbtPlugin),Set(Atom(sbt.ScriptedPlugin)))
[debug] Clause(Atom(sbt.plugins.SemanticdbPlugin),Set(Atom(sbt.plugins.JvmPlugin)))
[debug] Clause(Atom(sbt.plugins.JUnitXmlReportPlugin),Set(Atom(sbt.plugins.JvmPlugin)))
[debug] Clause(Atom(sbt.plugins.MiniDependencyTreePlugin),Set(Atom(sbt.plugins.JvmPlugin)))
[debug] Clause(Atom(sbt.plugins.CorePlugin),Set(Atom(sbt.plugins.IvyPlugin)))
[debug] Clause(Atom(sbt.plugins.IvyPlugin),Set(Atom(sbt.plugins.JvmPlugin)))
[debug] Clause(Atom(sbt.plugins.JvmPlugin),Set(Atom(sbt.plugins.SemanticdbPlugin)))
[debug] Clause(Atom(sbt.plugins.JvmPlugin),Set(Atom(sbt.plugins.JUnitXmlReportPlugin)))
[debug] Clause(Atom(sbt.plugins.CorePlugin),Set(Atom(sbt.plugins.Giter8TemplatePlugin)))
[debug] Clause(Atom(sbt.plugins.JvmPlugin),Set(Atom(sbt.plugins.MiniDependencyTreePlugin))))
[debug]   :: deduced result: Matched(sbt.plugins.CorePlugin,sbt.plugins.Giter8TemplatePlugin,sbt.plugins.IvyPlugin,sbt.plugins.JvmPlugin,sbt.plugins.MiniDependencyTreePlugin,sbt.plugins.JUnitXmlReportPlugin,sbt.plugins.SemanticdbPlugin)
[debug] Plugins.deducer#function took 34.2193 ms
[debug]           Load.resolveProject(global-plugins) took 53.8852ms
[debug]         Load.loadTransitive: finalizeProject(Project(id global-plugins, base: C:\Users\tanma\.sbt\1.0\plugins, plugins: List(<none>))) took 130.4615ms
[debug] [Loading] Done in C:\Users\tanma\.sbt\1.0\plugins, returning: (global-plugins)
[debug]       Load.loadUnit: loadedProjectsRaw took 172.2227ms
[debug]       Load.loadUnit: cleanEvalClasses took 0.3158ms
[debug]     Load.loadUnit(file:/C:/Users/tanma/.sbt/1.0/plugins/, ...) took 345.7304ms
[debug]   Load.apply: load took 552.1056ms
[debug]   Load.apply: resolveProjects took 7.2168ms
[debug]   Load.apply: finalTransforms took 70.6837ms
[debug]   Load.apply: config.delegates took 13.5199ms
[debug]   Load.apply: Def.make(settings)... took 492.3825ms
[debug]   Load.apply: structureIndex took 129.1562ms
[debug]   Load.apply: mkStreams took 1.7015ms
[info] loading global plugins from C:\Users\tanma\.sbt\1.0\plugins
[debug] Running task... Cancel: Signal, check cycles: false, forcegc: true
[debug] Load.defaultLoad until apply took 3941.5506ms
[debug]           Load.loadUnit: plugins took 33.3494ms
[debug]           Load.loadUnit: defsScala took 0.0038ms
[debug] [Loading] Scanning directory C:\Users\tanma\OneDrive\Desktop\CHW3\AWSLambdaLogRetriever\InvokeLambdaFuncgRPC\project
[debug]             Load.loadUnit: mkEval took 8.0261ms
[debug] [Loading] Found non-root projects 
[debug] [Loading] Done in C:\Users\tanma\OneDrive\Desktop\CHW3\AWSLambdaLogRetriever\InvokeLambdaFuncgRPC\project, returning: ()
[debug] deducing auto plugins based on known facts Set(Atom(sbt.plugins.CorePlugin)) and clauses Clauses(Clause(Atom(sbt.plugins.JvmPlugin),Set(Atom(sbt.plugins.IvyPlugin)))
[debug] Clause(Atom(sbt.ScriptedPlugin),Set(Atom(sbt.plugins.JvmPlugin)))
[debug] Clause(Atom(sbt.plugins.SbtPlugin),Set(Atom(sbt.ScriptedPlugin)))
[debug] Clause(Atom(sbt.plugins.SemanticdbPlugin),Set(Atom(sbt.plugins.JvmPlugin)))
[debug] Clause(Atom(sbt.plugins.JUnitXmlReportPlugin),Set(Atom(sbt.plugins.JvmPlugin)))
[debug] Clause(Atom(sbt.plugins.MiniDependencyTreePlugin),Set(Atom(sbt.plugins.JvmPlugin)))
[debug] Clause(Atom(sbt.plugins.CorePlugin),Set(Atom(sbt.plugins.IvyPlugin)))
[debug] Clause(Atom(sbt.plugins.IvyPlugin),Set(Atom(sbt.plugins.JvmPlugin)))
[debug] Clause(Atom(sbt.plugins.JvmPlugin),Set(Atom(sbt.plugins.SemanticdbPlugin)))
[debug] Clause(Atom(sbt.plugins.JvmPlugin),Set(Atom(sbt.plugins.JUnitXmlReportPlugin)))
[debug] Clause(Atom(sbt.plugins.CorePlugin),Set(Atom(sbt.plugins.Giter8TemplatePlugin)))
[debug] Clause(Atom(sbt.plugins.JvmPlugin),Set(Atom(sbt.plugins.MiniDependencyTreePlugin))))
[debug]   :: deduced result: Matched(sbt.plugins.CorePlugin,sbt.plugins.Giter8TemplatePlugin,sbt.plugins.IvyPlugin,sbt.plugins.JvmPlugin,sbt.plugins.MiniDependencyTreePlugin,sbt.plugins.JUnitXmlReportPlugin,sbt.plugins.SemanticdbPlugin)
[debug] Plugins.deducer#function took 2.8328 ms
[info] loading settings for project invokelambdafuncgrpc-build from protoc.sbt,scalapb.sbt,idea6.sbt ...
[debug]               Load.resolveProject(invokelambdafuncgrpc-build) took 3.3312ms
[debug]             Load.loadTransitive: finalizeProject(Project(id invokelambdafuncgrpc-build, base: C:\Users\tanma\OneDrive\Desktop\CHW3\AWSLambdaLogRetriever\InvokeLambdaFuncgRPC\project, plugins: List(<none>))) took 6.8905ms
[debug] [Loading] Done in C:\Users\tanma\OneDrive\Desktop\CHW3\AWSLambdaLogRetriever\InvokeLambdaFuncgRPC\project, returning: (invokelambdafuncgrpc-build)
[debug]           Load.loadUnit: loadedProjectsRaw took 3185.1859ms
[debug]           Load.loadUnit: cleanEvalClasses took 8.7948ms
[debug]         Load.loadUnit(file:/C:/Users/tanma/OneDrive/Desktop/CHW3/AWSLambdaLogRetriever/InvokeLambdaFuncgRPC/project/, ...) took 3228.9891ms
[debug]       Load.apply: load took 3230.72ms
[debug]       Load.apply: resolveProjects took 0.1964ms
[debug]       Load.apply: finalTransforms took 10.8552ms
[debug]       Load.apply: config.delegates took 0.5279ms
[debug]       Load.apply: Def.make(settings)... took 81.5987ms
[debug]       Load.apply: structureIndex took 35.6166ms
[debug]       Load.apply: mkStreams took 0.0029ms
[info] loading project definition from C:\Users\tanma\OneDrive\Desktop\CHW3\AWSLambdaLogRetriever\InvokeLambdaFuncgRPC\project
[debug] Running task... Cancel: Signal, check cycles: false, forcegc: true
[warn] Unrecognized repository Scala Plugin Bundled Repository, ignoring it
[debug]     Load.loadUnit: plugins took 5857.411ms
[debug]     Load.loadUnit: defsScala took 0.0047ms
[debug] [Loading] Scanning directory C:\Users\tanma\OneDrive\Desktop\CHW3\AWSLambdaLogRetriever\InvokeLambdaFuncgRPC
[debug]       Load.loadUnit: mkEval took 0.307ms
[debug] [Loading] Found non-root projects 
[debug] [Loading] Done in C:\Users\tanma\OneDrive\Desktop\CHW3\AWSLambdaLogRetriever\InvokeLambdaFuncgRPC, returning: ()
[debug] deducing auto plugins based on known facts Set(Atom(sbt.plugins.CorePlugin)) and clauses Clauses(Clause(Atom(sbt.plugins.JvmPlugin),Set(Atom(sbt.plugins.IvyPlugin)))
[debug] Clause(Atom(sbt.ScriptedPlugin),Set(Atom(sbt.plugins.JvmPlugin)))
[debug] Clause(Atom(sbt.plugins.SbtPlugin),Set(Atom(sbt.ScriptedPlugin)))
[debug] Clause(Atom(sbt.plugins.SemanticdbPlugin),Set(Atom(sbt.plugins.JvmPlugin)))
[debug] Clause(Atom(sbt.plugins.JUnitXmlReportPlugin),Set(Atom(sbt.plugins.JvmPlugin)))
[debug] Clause(Atom(sbt.plugins.MiniDependencyTreePlugin),Set(Atom(sbt.plugins.JvmPlugin)))
[debug] Clause(Atom(sbtprotoc.ProtocPlugin),Set(Atom(sbt.plugins.JvmPlugin)))
[debug] Clause(Atom(org.jetbrains.sbt.StructurePlugin),Set(Atom(sbt.plugins.JvmPlugin)))
[debug] Clause(Atom(org.jetbrains.sbt.IdeaShellPlugin),Set(Atom(sbt.plugins.JvmPlugin)))
[debug] Clause(Atom(org.jetbrains.sbt.indices.SbtIntellijIndicesPlugin),Set(Atom(sbt.plugins.JvmPlugin)))
[debug] Clause(Atom(org.portablescala.sbtplatformdeps.PlatformDepsPlugin),Set(Atom(sbt.plugins.JvmPlugin)))
[debug] Clause(Atom(sbt.plugins.CorePlugin),Set(Atom(sbt.plugins.IvyPlugin)))
[debug] Clause(Atom(sbt.plugins.IvyPlugin),Set(Atom(sbt.plugins.JvmPlugin)))
[debug] Clause(Atom(sbt.plugins.JvmPlugin),Set(Atom(sbt.plugins.SemanticdbPlugin)))
[debug] Clause(Atom(sbt.plugins.JvmPlugin),Set(Atom(sbt.plugins.JUnitXmlReportPlugin)))
[debug] Clause(Atom(sbt.plugins.CorePlugin),Set(Atom(sbt.plugins.Giter8TemplatePlugin)))
[debug] Clause(Atom(sbt.plugins.JvmPlugin),Set(Atom(sbt.plugins.MiniDependencyTreePlugin)))
[debug] Clause(Atom(sbt.plugins.JvmPlugin),Set(Atom(sbtprotoc.ProtocPlugin)))
[debug] Clause(Atom(sbt.plugins.JvmPlugin),Set(Atom(org.jetbrains.sbt.StructurePlugin)))
[debug] Clause(Atom(sbt.plugins.JvmPlugin),Set(Atom(org.jetbrains.sbt.IdeaShellPlugin)))
[debug] Clause(And(Set(Atom(sbt.plugins.CorePlugin), Atom(sbt.plugins.JvmPlugin))),Set(Atom(org.jetbrains.sbt.indices.SbtIntellijIndicesPlugin)))
[debug] Clause(Atom(sbt.plugins.JvmPlugin),Set(Atom(org.portablescala.sbtplatformdeps.PlatformDepsPlugin))))
[debug]   :: deduced result: Matched(sbt.plugins.CorePlugin,sbt.plugins.Giter8TemplatePlugin,sbt.plugins.IvyPlugin,sbt.plugins.JvmPlugin,org.portablescala.sbtplatformdeps.PlatformDepsPlugin,sbt.plugins.SemanticdbPlugin,org.jetbrains.sbt.indices.SbtIntellijIndicesPlugin,sbt.plugins.JUnitXmlReportPlugin,sbtprotoc.ProtocPlugin,org.jetbrains.sbt.IdeaShellPlugin,org.jetbrains.sbt.StructurePlugin,sbt.plugins.MiniDependencyTreePlugin)
[debug] Plugins.deducer#function took 4.9722 ms
[info] loading settings for project invokelambdafuncgrpc from build.sbt ...
[debug]         Load.resolveProject(invokelambdafuncgrpc) took 46.4527ms
[debug]       Load.loadTransitive: finalizeProject(Project(id invokelambdafuncgrpc, base: C:\Users\tanma\OneDrive\Desktop\CHW3\AWSLambdaLogRetriever\InvokeLambdaFuncgRPC, plugins: List(<none>))) took 53.6942ms
[debug] [Loading] Done in C:\Users\tanma\OneDrive\Desktop\CHW3\AWSLambdaLogRetriever\InvokeLambdaFuncgRPC, returning: (invokelambdafuncgrpc)
[debug]     Load.loadUnit: loadedProjectsRaw took 2977.2091ms
[debug]     Load.loadUnit: cleanEvalClasses took 23.4467ms
[debug]   Load.loadUnit(file:/C:/Users/tanma/OneDrive/Desktop/CHW3/AWSLambdaLogRetriever/InvokeLambdaFuncgRPC/, ...) took 8858.9985ms
[debug] Load.apply: load took 8861.1845ms
[debug] Load.apply: resolveProjects took 0.3604ms
[debug] Load.apply: finalTransforms took 40.7011ms
[debug] Load.apply: config.delegates took 0.4636ms
[debug] Load.apply: Def.make(settings)... took 133.3168ms
[debug] Load.apply: structureIndex took 40.4533ms
[debug] Load.apply: mkStreams took 0.0029ms
[info] set current project to InvokeLambdaFuncgRPC (in build file:/C:/Users/tanma/OneDrive/Desktop/CHW3/AWSLambdaLogRetriever/InvokeLambdaFuncgRPC/)
[debug] > Exec(sbtPopOnFailure, None, None)
[debug] > Exec(resumeFromFailure, None, None)
[debug] > Exec(notifyUsersAboutShell, None, None)
[debug] > Exec(iflast shell, None, None)
[debug] > Exec(; set ideaPort in Global := 58407 ; idea-shell, None, None)
[debug] > Exec(set ideaPort in Global := 58407, None, None)
[info] Defining Global / ideaPort
[info] The new value will be used by Compile / compile, Test / compile
[debug] Defining 
[debug] 	Global / ideaPort
[debug] 
[debug] The new value will be used by 
[debug] 	Compile / compile
[debug] 	Test / compile
[info] Reapplying settings...
[info] set current project to InvokeLambdaFuncgRPC (in build file:/C:/Users/tanma/OneDrive/Desktop/CHW3/AWSLambdaLogRetriever/InvokeLambdaFuncgRPC/)
[debug] > Exec(idea-shell, None, None)
